
Showing logs for build [32mcloudcat-meow-environment-pr-32-qbsdw-6[0m stage [32mfrom-build-pack[0m and container [32mstep-credential-initializer-dk5tm[0m
{"level":"warn","ts":1571072071.3660727,"logger":"fallback-logger","caller":"logging/config.go:69","msg":"Fetch GitHub commit ID from kodata failed: \"ref: refs/heads/master\" is not a valid GitHub commit ID"}
{"level":"info","ts":1571072071.3670704,"logger":"fallback-logger","caller":"creds-init/main.go:40","msg":"Credentials initialized."}

Showing logs for build [32mcloudcat-meow-environment-pr-32-qbsdw-6[0m stage [32mfrom-build-pack[0m and container [32mstep-working-dir-initializer-4qcrl[0m
{"level":"warn","ts":1571072072.3543441,"logger":"fallback-logger","caller":"logging/config.go:69","msg":"Fetch GitHub commit ID from kodata failed: open /var/run/ko/HEAD: no such file or directory"}
{"level":"info","ts":1571072072.355754,"logger":"fallback-logger","caller":"bash/main.go:65","msg":"Successfully executed command \"mkdir -p /workspace/source\""}

Showing logs for build [32mcloudcat-meow-environment-pr-32-qbsdw-6[0m stage [32mfrom-build-pack[0m and container [32mstep-place-tools[0m

Showing logs for build [32mcloudcat-meow-environment-pr-32-qbsdw-6[0m stage [32mfrom-build-pack[0m and container [32mstep-git-source-cloudcat-meow-environment-pr-32-nvc6c[0m
{"level":"warn","ts":1571072078.4297273,"logger":"fallback-logger","caller":"logging/config.go:69","msg":"Fetch GitHub commit ID from kodata failed: \"ref: refs/heads/master\" is not a valid GitHub commit ID"}
{"level":"info","ts":1571072079.4891791,"logger":"fallback-logger","caller":"git/git.go:102","msg":"Successfully cloned https://github.com/cloudcat-meow/environment-pr-32-8-boot-gke-staging.git @ v0.0.6 in path /workspace/source"}

Showing logs for build [32mcloudcat-meow-environment-pr-32-qbsdw-6[0m stage [32mfrom-build-pack[0m and container [32mstep-git-merge[0m
Using SHAs from PULL_REFS=master:afc22486910cbefe7733643f82855c75a3529680
WARNING: no SHAs to merge, falling back to initial cloned commit

Showing logs for build [32mcloudcat-meow-environment-pr-32-qbsdw-6[0m stage [32mfrom-build-pack[0m and container [32mstep-setup-jx-git-credentials[0m
Generated Git credentials file /builder/home/git/credentials

Showing logs for build [32mcloudcat-meow-environment-pr-32-qbsdw-6[0m stage [32mfrom-build-pack[0m and container [32mstep-build-helm-apply[0m
Modified file /workspace/source/env/Chart.yaml to set the chart to version 6
Copying the helm source directory /workspace/source/env to a temporary location for building and applying /tmp/**-helm-apply-911557114/env
Applying helm chart at /tmp/**-helm-apply-911557114/env as release name ** to namespace **-staging
Fetching secrets from vault into directory "/tmp/**-helm-apply-911557114/env"
verifying the helm requirements versions in dir: . using version stream URL:  and git ref: 
Deleting and cloning the Jenkins X versions repo
Cloning the Jenkins X versions repo https://github.com/cloudbees/cloudbees-jenkins-x-versions.git with revision efe1c3f8e2cebc348fd72eff9b7c40b6d20d4110 to /builder/home/.**/jenkins-x-versions
From https://github.com/cloudbees/cloudbees-jenkins-x-versions
 * branch            efe1c3f8e2cebc348fd72eff9b7c40b6d20d4110 -> FETCH_HEAD
Ignoring templates/.gitignore
Ignoring templates/wildcardcert-secret.yaml
Wrote chart values.yaml /tmp/**-helm-apply-911557114/env/values.yaml generated from directory tree
generated helm /tmp/**-helm-apply-911557114/env/values.yaml

PipelineSecrets: {}
cleanup:
  Annotations:
    helm.sh/hook: pre-delete
    helm.sh/hook-delete-policy: hook-succeeded
  Args:
  - --cleanup
expose:
  Annotations:
    helm.sh/hook: post-install,post-upgrade
    helm.sh/hook-delete-policy: hook-succeeded
  Args:
  - --v
  - 4
  config:
    domain: 35.205.167.109.nip.io
    exposer: Ingress
    http: "true"
    tlsacme: "false"
    urltemplate: '{{.Service}}-{{.Namespace}}.{{.Domain}}'
jenkins:
  Servers:
    Global: {}
prow: {}

Using values files: /tmp/**-helm-apply-911557114/env/values.yaml
WARNING: No $CHART_REPOSITORY defined so using the default value of: http://jenkins-x-chartmuseum:8080
Adding missing Helm repo: storage.googleapis.com https://storage.googleapis.com/chartmuseum.jenkins-x.io
Read credentials for https://storage.googleapis.com/chartmuseum.jenkins-x.io from vault helm/repos
Successfully added Helm repository storage.googleapis.com.
Adding missing Helm repo: jenkins-x-chartmuseum http://jenkins-x-chartmuseum:8080
Read credentials for http://jenkins-x-chartmuseum:8080 from vault helm/repos
Successfully added Helm repository jenkins-x-chartmuseum.
WARNING: No $CHART_REPOSITORY defined so using the default value of: http://jenkins-x-chartmuseum:8080
Adding missing Helm repo: chartmuseum.jenkins-x.io http://chartmuseum.jenkins-x.io
Read credentials for http://chartmuseum.jenkins-x.io from vault helm/repos
Successfully added Helm repository chartmuseum.jenkins-x.io.
Applying Apps chart overrides
Applying chart overrides
Deleting and cloning the Jenkins X versions repo
Cloning the Jenkins X versions repo https://github.com/cloudbees/cloudbees-jenkins-x-versions.git with revision efe1c3f8e2cebc348fd72eff9b7c40b6d20d4110 to /builder/home/.**/jenkins-x-versions
From https://github.com/cloudbees/cloudbees-jenkins-x-versions
 * branch            efe1c3f8e2cebc348fd72eff9b7c40b6d20d4110 -> FETCH_HEAD


