
Showing logs for build [32mcloudcat-meow-environment-pr-32-dn7qt-1[0m stage [32mfrom-build-pack[0m and container [32mstep-credential-initializer-hdbz5[0m
{"level":"warn","ts":1571071021.5384166,"logger":"fallback-logger","caller":"logging/config.go:69","msg":"Fetch GitHub commit ID from kodata failed: \"ref: refs/heads/master\" is not a valid GitHub commit ID"}
{"level":"info","ts":1571071021.539106,"logger":"fallback-logger","caller":"creds-init/main.go:40","msg":"Credentials initialized."}

Showing logs for build [32mcloudcat-meow-environment-pr-32-dn7qt-1[0m stage [32mfrom-build-pack[0m and container [32mstep-working-dir-initializer-tp7nk[0m
{"level":"warn","ts":1571071023.1190624,"logger":"fallback-logger","caller":"logging/config.go:69","msg":"Fetch GitHub commit ID from kodata failed: open /var/run/ko/HEAD: no such file or directory"}
{"level":"info","ts":1571071023.1660411,"logger":"fallback-logger","caller":"bash/main.go:65","msg":"Successfully executed command \"mkdir -p /workspace/source\""}

Showing logs for build [32mcloudcat-meow-environment-pr-32-dn7qt-1[0m stage [32mfrom-build-pack[0m and container [32mstep-place-tools[0m

Showing logs for build [32mcloudcat-meow-environment-pr-32-dn7qt-1[0m stage [32mfrom-build-pack[0m and container [32mstep-git-source-cloudcat-meow-environment-pr-32-lwr4t[0m
{"level":"warn","ts":1571071029.617038,"logger":"fallback-logger","caller":"logging/config.go:69","msg":"Fetch GitHub commit ID from kodata failed: \"ref: refs/heads/master\" is not a valid GitHub commit ID"}
{"level":"info","ts":1571071030.662666,"logger":"fallback-logger","caller":"git/git.go:102","msg":"Successfully cloned https://github.com/cloudcat-meow/environment-pr-32-8-boot-gke-staging.git @ 30ceb7020d71a1f50554663047a1c663c0fe9677 in path /workspace/source"}

Showing logs for build [32mcloudcat-meow-environment-pr-32-dn7qt-1[0m stage [32mfrom-build-pack[0m and container [32mstep-git-merge[0m
Using SHAs from PULL_REFS=master:b52f78038fd27f7aea04e0e686ee745a50d05d0d,4:30ceb7020d71a1f50554663047a1c663c0fe9677
DEBUG: ran git fetch --unshallow origin 30ceb7020d71a1f50554663047a1c663c0fe9677: b52f78038fd27f7aea04e0e686ee745a50d05d0d: in 
DEBUG: ran git checkout master in 
DEBUG: ran git reset --hard b52f78038fd27f7aea04e0e686ee745a50d05d0d in 
DEBUG: ran clean --force -d . in 
DEBUG: ran git merge 30ceb7020d71a1f50554663047a1c663c0fe9677 in 
Merged SHA 30ceb7020d71a1f50554663047a1c663c0fe9677 with commit message 'chore: Promote bdd-nh-1571069793 to version 0.0.1' into base branch master

Showing logs for build [32mcloudcat-meow-environment-pr-32-dn7qt-1[0m stage [32mfrom-build-pack[0m and container [32mstep-build-helm-build[0m
WARNING: No $CHART_REPOSITORY defined so using the default value of: http://jenkins-x-chartmuseum:8080
Adding missing Helm repo: storage.googleapis.com https://storage.googleapis.com/chartmuseum.jenkins-x.io
Read credentials for https://storage.googleapis.com/chartmuseum.jenkins-x.io from vault helm/repos
Successfully added Helm repository storage.googleapis.com.
Adding missing Helm repo: jenkins-x-chartmuseum http://jenkins-x-chartmuseum:8080
Read credentials for http://jenkins-x-chartmuseum:8080 from vault helm/repos
Successfully added Helm repository jenkins-x-chartmuseum.
WARNING: No $CHART_REPOSITORY defined so using the default value of: http://jenkins-x-chartmuseum:8080
Adding missing Helm repo: chartmuseum.jenkins-x.io http://chartmuseum.jenkins-x.io
Read credentials for http://chartmuseum.jenkins-x.io from vault helm/repos
Successfully added Helm repository chartmuseum.jenkins-x.io.
