
Showing logs for build [32mcloudcat-meow-environment-pr-32-4j9dv-1[0m stage [32mfrom-build-pack[0m and container [32mstep-credential-initializer-n2f7h[0m
{"level":"warn","ts":1571071518.2580712,"logger":"fallback-logger","caller":"logging/config.go:69","msg":"Fetch GitHub commit ID from kodata failed: \"ref: refs/heads/master\" is not a valid GitHub commit ID"}
{"level":"info","ts":1571071518.2602115,"logger":"fallback-logger","caller":"creds-init/main.go:40","msg":"Credentials initialized."}

Showing logs for build [32mcloudcat-meow-environment-pr-32-4j9dv-1[0m stage [32mfrom-build-pack[0m and container [32mstep-working-dir-initializer-s2txd[0m
{"level":"warn","ts":1571071519.2003086,"logger":"fallback-logger","caller":"logging/config.go:69","msg":"Fetch GitHub commit ID from kodata failed: open /var/run/ko/HEAD: no such file or directory"}
{"level":"info","ts":1571071519.2020273,"logger":"fallback-logger","caller":"bash/main.go:65","msg":"Successfully executed command \"mkdir -p /workspace/source\""}

Showing logs for build [32mcloudcat-meow-environment-pr-32-4j9dv-1[0m stage [32mfrom-build-pack[0m and container [32mstep-place-tools[0m

Showing logs for build [32mcloudcat-meow-environment-pr-32-4j9dv-1[0m stage [32mfrom-build-pack[0m and container [32mstep-git-source-cloudcat-meow-environment-pr-32-z5bn2[0m
{"level":"warn","ts":1571071523.400602,"logger":"fallback-logger","caller":"logging/config.go:69","msg":"Fetch GitHub commit ID from kodata failed: \"ref: refs/heads/master\" is not a valid GitHub commit ID"}
{"level":"info","ts":1571071524.4658616,"logger":"fallback-logger","caller":"git/git.go:102","msg":"Successfully cloned https://github.com/cloudcat-meow/environment-pr-32-8-boot-gke-staging.git @ 5a20eb156dc5aa7925fed04c9aa3f64a643dcc2a in path /workspace/source"}

Showing logs for build [32mcloudcat-meow-environment-pr-32-4j9dv-1[0m stage [32mfrom-build-pack[0m and container [32mstep-git-merge[0m
Using SHAs from PULL_REFS=master:6cdef9b5b9ba2433039ef0386f675afc850d4213,5:5a20eb156dc5aa7925fed04c9aa3f64a643dcc2a
DEBUG: ran git fetch --unshallow origin 5a20eb156dc5aa7925fed04c9aa3f64a643dcc2a: 6cdef9b5b9ba2433039ef0386f675afc850d4213: in 
DEBUG: ran git checkout master in 
DEBUG: ran git reset --hard 6cdef9b5b9ba2433039ef0386f675afc850d4213 in 
DEBUG: ran clean --force -d . in 
DEBUG: ran git merge 5a20eb156dc5aa7925fed04c9aa3f64a643dcc2a in 
Merged SHA 5a20eb156dc5aa7925fed04c9aa3f64a643dcc2a with commit message 'chore: Promote bdd-sbhg-import-1571071347 to version 0.0.1' into base branch master

Showing logs for build [32mcloudcat-meow-environment-pr-32-4j9dv-1[0m stage [32mfrom-build-pack[0m and container [32mstep-build-helm-build[0m
WARNING: No $CHART_REPOSITORY defined so using the default value of: http://jenkins-x-chartmuseum:8080
Adding missing Helm repo: storage.googleapis.com https://storage.googleapis.com/chartmuseum.jenkins-x.io
Read credentials for https://storage.googleapis.com/chartmuseum.jenkins-x.io from vault helm/repos
Successfully added Helm repository storage.googleapis.com.
Adding missing Helm repo: jenkins-x-chartmuseum http://jenkins-x-chartmuseum:8080
Read credentials for http://jenkins-x-chartmuseum:8080 from vault helm/repos
Successfully added Helm repository jenkins-x-chartmuseum.
WARNING: No $CHART_REPOSITORY defined so using the default value of: http://jenkins-x-chartmuseum:8080
Adding missing Helm repo: chartmuseum.jenkins-x.io http://chartmuseum.jenkins-x.io
Read credentials for http://chartmuseum.jenkins-x.io from vault helm/repos
Successfully added Helm repository chartmuseum.jenkins-x.io.
