
Showing logs for build [32mcloudcat-meow-environment-pr-32-642mg-1[0m stage [32mfrom-build-pack[0m and container [32mstep-credential-initializer-cln92[0m
{"level":"warn","ts":1571072001.357727,"logger":"fallback-logger","caller":"logging/config.go:69","msg":"Fetch GitHub commit ID from kodata failed: \"ref: refs/heads/master\" is not a valid GitHub commit ID"}
{"level":"info","ts":1571072001.3583665,"logger":"fallback-logger","caller":"creds-init/main.go:40","msg":"Credentials initialized."}

Showing logs for build [32mcloudcat-meow-environment-pr-32-642mg-1[0m stage [32mfrom-build-pack[0m and container [32mstep-working-dir-initializer-p9j48[0m
{"level":"warn","ts":1571072001.887151,"logger":"fallback-logger","caller":"logging/config.go:69","msg":"Fetch GitHub commit ID from kodata failed: open /var/run/ko/HEAD: no such file or directory"}
{"level":"info","ts":1571072001.8894205,"logger":"fallback-logger","caller":"bash/main.go:65","msg":"Successfully executed command \"mkdir -p /workspace/source\""}

Showing logs for build [32mcloudcat-meow-environment-pr-32-642mg-1[0m stage [32mfrom-build-pack[0m and container [32mstep-place-tools[0m

Showing logs for build [32mcloudcat-meow-environment-pr-32-642mg-1[0m stage [32mfrom-build-pack[0m and container [32mstep-git-source-cloudcat-meow-environment-pr-32-9x492[0m
{"level":"warn","ts":1571072005.9545722,"logger":"fallback-logger","caller":"logging/config.go:69","msg":"Fetch GitHub commit ID from kodata failed: \"ref: refs/heads/master\" is not a valid GitHub commit ID"}
{"level":"info","ts":1571072007.0209029,"logger":"fallback-logger","caller":"git/git.go:102","msg":"Successfully cloned https://github.com/cloudcat-meow/environment-pr-32-8-boot-gke-staging.git @ 3ff0526744daa9b6dff7d6b9dd52aa48f5094ac2 in path /workspace/source"}

Showing logs for build [32mcloudcat-meow-environment-pr-32-642mg-1[0m stage [32mfrom-build-pack[0m and container [32mstep-git-merge[0m
Using SHAs from PULL_REFS=master:042f87eaa4902e2d020a1484a371787a498824f6,6:3ff0526744daa9b6dff7d6b9dd52aa48f5094ac2
DEBUG: ran git fetch --unshallow origin 3ff0526744daa9b6dff7d6b9dd52aa48f5094ac2: 042f87eaa4902e2d020a1484a371787a498824f6: in 
DEBUG: ran git checkout master in 
DEBUG: ran git reset --hard 042f87eaa4902e2d020a1484a371787a498824f6 in 
DEBUG: ran clean --force -d . in 
DEBUG: ran git merge 3ff0526744daa9b6dff7d6b9dd52aa48f5094ac2 in 
Merged SHA 3ff0526744daa9b6dff7d6b9dd52aa48f5094ac2 with commit message 'chore: Promote bdd-ghf**y-import-1571071347 to version 0.0.1' into base branch master

Showing logs for build [32mcloudcat-meow-environment-pr-32-642mg-1[0m stage [32mfrom-build-pack[0m and container [32mstep-build-helm-build[0m
WARNING: No $CHART_REPOSITORY defined so using the default value of: http://jenkins-x-chartmuseum:8080
Adding missing Helm repo: storage.googleapis.com https://storage.googleapis.com/chartmuseum.jenkins-x.io
Read credentials for https://storage.googleapis.com/chartmuseum.jenkins-x.io from vault helm/repos
Successfully added Helm repository storage.googleapis.com.
Adding missing Helm repo: jenkins-x-chartmuseum http://jenkins-x-chartmuseum:8080
Read credentials for http://jenkins-x-chartmuseum:8080 from vault helm/repos
Successfully added Helm repository jenkins-x-chartmuseum.
WARNING: No $CHART_REPOSITORY defined so using the default value of: http://jenkins-x-chartmuseum:8080
Adding missing Helm repo: chartmuseum.jenkins-x.io http://chartmuseum.jenkins-x.io
Read credentials for http://chartmuseum.jenkins-x.io from vault helm/repos
Successfully added Helm repository chartmuseum.jenkins-x.io.
