
Showing logs for build [32mcloudcat-meow-environment-pr-32-47c48-1[0m stage [32mfrom-build-pack[0m and container [32mstep-credential-initializer-z8wrx[0m
{"level":"warn","ts":1571070058.6836932,"logger":"fallback-logger","caller":"logging/config.go:69","msg":"Fetch GitHub commit ID from kodata failed: \"ref: refs/heads/master\" is not a valid GitHub commit ID"}
{"level":"info","ts":1571070058.6846895,"logger":"fallback-logger","caller":"creds-init/main.go:40","msg":"Credentials initialized."}

Showing logs for build [32mcloudcat-meow-environment-pr-32-47c48-1[0m stage [32mfrom-build-pack[0m and container [32mstep-working-dir-initializer-rglhb[0m
{"level":"warn","ts":1571070059.6410787,"logger":"fallback-logger","caller":"logging/config.go:69","msg":"Fetch GitHub commit ID from kodata failed: open /var/run/ko/HEAD: no such file or directory"}
{"level":"info","ts":1571070059.6437528,"logger":"fallback-logger","caller":"bash/main.go:65","msg":"Successfully executed command \"mkdir -p /workspace/source\""}

Showing logs for build [32mcloudcat-meow-environment-pr-32-47c48-1[0m stage [32mfrom-build-pack[0m and container [32mstep-place-tools[0m

Showing logs for build [32mcloudcat-meow-environment-pr-32-47c48-1[0m stage [32mfrom-build-pack[0m and container [32mstep-git-source-cloudcat-meow-environment-pr-32-ptfqs[0m
{"level":"warn","ts":1571070063.762245,"logger":"fallback-logger","caller":"logging/config.go:69","msg":"Fetch GitHub commit ID from kodata failed: \"ref: refs/heads/master\" is not a valid GitHub commit ID"}
{"level":"info","ts":1571070064.8193684,"logger":"fallback-logger","caller":"git/git.go:102","msg":"Successfully cloned https://github.com/cloudcat-meow/environment-pr-32-8-boot-gke-staging.git @ 0f39c9b28ea2b5bb53df9b57bf6f18cb6550054b in path /workspace/source"}

Showing logs for build [32mcloudcat-meow-environment-pr-32-47c48-1[0m stage [32mfrom-build-pack[0m and container [32mstep-git-merge[0m
Using SHAs from PULL_REFS=master:b6be51b3881d6b133691aa8444a0c78e42107a83,2:0f39c9b28ea2b5bb53df9b57bf6f18cb6550054b
DEBUG: ran git fetch --unshallow origin 0f39c9b28ea2b5bb53df9b57bf6f18cb6550054b: b6be51b3881d6b133691aa8444a0c78e42107a83: in 
DEBUG: ran git checkout master in 
DEBUG: ran git reset --hard b6be51b3881d6b133691aa8444a0c78e42107a83 in 
DEBUG: ran clean --force -d . in 
DEBUG: ran git merge 0f39c9b28ea2b5bb53df9b57bf6f18cb6550054b in 
Merged SHA 0f39c9b28ea2b5bb53df9b57bf6f18cb6550054b with commit message 'chore: Promote bdd-gh-1571069793 to version 0.0.1' into base branch master

Showing logs for build [32mcloudcat-meow-environment-pr-32-47c48-1[0m stage [32mfrom-build-pack[0m and container [32mstep-build-helm-build[0m
WARNING: No $CHART_REPOSITORY defined so using the default value of: http://jenkins-x-chartmuseum:8080
Adding missing Helm repo: storage.googleapis.com https://storage.googleapis.com/chartmuseum.jenkins-x.io
Read credentials for https://storage.googleapis.com/chartmuseum.jenkins-x.io from vault helm/repos
Successfully added Helm repository storage.googleapis.com.
Adding missing Helm repo: jenkins-x-chartmuseum http://jenkins-x-chartmuseum:8080
Read credentials for http://jenkins-x-chartmuseum:8080 from vault helm/repos
Successfully added Helm repository jenkins-x-chartmuseum.
WARNING: No $CHART_REPOSITORY defined so using the default value of: http://jenkins-x-chartmuseum:8080
Adding missing Helm repo: chartmuseum.jenkins-x.io http://chartmuseum.jenkins-x.io
Read credentials for http://chartmuseum.jenkins-x.io from vault helm/repos
Successfully added Helm repository chartmuseum.jenkins-x.io.
