
Showing logs for build [32mcloudcat-meow-environment-pr-32-l5v4b-1[0m stage [32mfrom-build-pack[0m and container [32mstep-credential-initializer-mfrn2[0m
{"level":"warn","ts":1571070471.1274312,"logger":"fallback-logger","caller":"logging/config.go:69","msg":"Fetch GitHub commit ID from kodata failed: \"ref: refs/heads/master\" is not a valid GitHub commit ID"}
{"level":"info","ts":1571070471.1286974,"logger":"fallback-logger","caller":"creds-init/main.go:40","msg":"Credentials initialized."}

Showing logs for build [32mcloudcat-meow-environment-pr-32-l5v4b-1[0m stage [32mfrom-build-pack[0m and container [32mstep-working-dir-initializer-hwt8w[0m
{"level":"warn","ts":1571070472.1538622,"logger":"fallback-logger","caller":"logging/config.go:69","msg":"Fetch GitHub commit ID from kodata failed: open /var/run/ko/HEAD: no such file or directory"}
{"level":"info","ts":1571070472.155938,"logger":"fallback-logger","caller":"bash/main.go:65","msg":"Successfully executed command \"mkdir -p /workspace/source\""}

Showing logs for build [32mcloudcat-meow-environment-pr-32-l5v4b-1[0m stage [32mfrom-build-pack[0m and container [32mstep-place-tools[0m

Showing logs for build [32mcloudcat-meow-environment-pr-32-l5v4b-1[0m stage [32mfrom-build-pack[0m and container [32mstep-git-source-cloudcat-meow-environment-pr-32-gg8t9[0m
{"level":"warn","ts":1571070476.2989256,"logger":"fallback-logger","caller":"logging/config.go:69","msg":"Fetch GitHub commit ID from kodata failed: \"ref: refs/heads/master\" is not a valid GitHub commit ID"}
{"level":"info","ts":1571070477.367763,"logger":"fallback-logger","caller":"git/git.go:102","msg":"Successfully cloned https://github.com/cloudcat-meow/environment-pr-32-8-boot-gke-staging.git @ 2b540ce3a51a4a0f0e7b9fdc08dd90137c536694 in path /workspace/source"}

Showing logs for build [32mcloudcat-meow-environment-pr-32-l5v4b-1[0m stage [32mfrom-build-pack[0m and container [32mstep-git-merge[0m
Using SHAs from PULL_REFS=master:1933a0dcc3cac64f910b894dc05e48f20ff8665f,3:2b540ce3a51a4a0f0e7b9fdc08dd90137c536694
DEBUG: ran git fetch --unshallow origin 2b540ce3a51a4a0f0e7b9fdc08dd90137c536694: 1933a0dcc3cac64f910b894dc05e48f20ff8665f: in 
DEBUG: ran git checkout master in 
DEBUG: ran git reset --hard 1933a0dcc3cac64f910b894dc05e48f20ff8665f in 
DEBUG: ran clean --force -d . in 
DEBUG: ran git merge 2b540ce3a51a4a0f0e7b9fdc08dd90137c536694 in 
Merged SHA 2b540ce3a51a4a0f0e7b9fdc08dd90137c536694 with commit message 'chore: Promote bdd-sbhg-1571069793 to version 0.0.1' into base branch master

Showing logs for build [32mcloudcat-meow-environment-pr-32-l5v4b-1[0m stage [32mfrom-build-pack[0m and container [32mstep-build-helm-build[0m
WARNING: No $CHART_REPOSITORY defined so using the default value of: http://jenkins-x-chartmuseum:8080
Adding missing Helm repo: storage.googleapis.com https://storage.googleapis.com/chartmuseum.jenkins-x.io
Read credentials for https://storage.googleapis.com/chartmuseum.jenkins-x.io from vault helm/repos
Successfully added Helm repository storage.googleapis.com.
Adding missing Helm repo: jenkins-x-chartmuseum http://jenkins-x-chartmuseum:8080
Read credentials for http://jenkins-x-chartmuseum:8080 from vault helm/repos
Successfully added Helm repository jenkins-x-chartmuseum.
WARNING: No $CHART_REPOSITORY defined so using the default value of: http://jenkins-x-chartmuseum:8080
Adding missing Helm repo: chartmuseum.jenkins-x.io http://chartmuseum.jenkins-x.io
Read credentials for http://chartmuseum.jenkins-x.io from vault helm/repos
Successfully added Helm repository chartmuseum.jenkins-x.io.
