
Showing logs for build [32mcloudcat-meow-environment-pr-32-j42qs-1[0m stage [32mfrom-build-pack[0m and container [32mstep-credential-initializer-6nzvn[0m
{"level":"warn","ts":1571072241.1280422,"logger":"fallback-logger","caller":"logging/config.go:69","msg":"Fetch GitHub commit ID from kodata failed: \"ref: refs/heads/master\" is not a valid GitHub commit ID"}
{"level":"info","ts":1571072241.1287491,"logger":"fallback-logger","caller":"creds-init/main.go:40","msg":"Credentials initialized."}

Showing logs for build [32mcloudcat-meow-environment-pr-32-j42qs-1[0m stage [32mfrom-build-pack[0m and container [32mstep-working-dir-initializer-kwbpc[0m
{"level":"warn","ts":1571072242.0843234,"logger":"fallback-logger","caller":"logging/config.go:69","msg":"Fetch GitHub commit ID from kodata failed: open /var/run/ko/HEAD: no such file or directory"}
{"level":"info","ts":1571072242.0864182,"logger":"fallback-logger","caller":"bash/main.go:65","msg":"Successfully executed command \"mkdir -p /workspace/source\""}

Showing logs for build [32mcloudcat-meow-environment-pr-32-j42qs-1[0m stage [32mfrom-build-pack[0m and container [32mstep-place-tools[0m

Showing logs for build [32mcloudcat-meow-environment-pr-32-j42qs-1[0m stage [32mfrom-build-pack[0m and container [32mstep-git-source-cloudcat-meow-environment-pr-32-9bz9j[0m
{"level":"warn","ts":1571072246.1540258,"logger":"fallback-logger","caller":"logging/config.go:69","msg":"Fetch GitHub commit ID from kodata failed: \"ref: refs/heads/master\" is not a valid GitHub commit ID"}
{"level":"info","ts":1571072247.2130616,"logger":"fallback-logger","caller":"git/git.go:102","msg":"Successfully cloned https://github.com/cloudcat-meow/environment-pr-32-8-boot-gke-staging.git @ 7d129548adbb40b51763642302792021171c9e27 in path /workspace/source"}

Showing logs for build [32mcloudcat-meow-environment-pr-32-j42qs-1[0m stage [32mfrom-build-pack[0m and container [32mstep-git-merge[0m
Using SHAs from PULL_REFS=master:afc22486910cbefe7733643f82855c75a3529680,7:7d129548adbb40b51763642302792021171c9e27
DEBUG: ran git fetch --unshallow origin 7d129548adbb40b51763642302792021171c9e27: afc22486910cbefe7733643f82855c75a3529680: in 
DEBUG: ran git checkout master in 
DEBUG: ran git reset --hard afc22486910cbefe7733643f82855c75a3529680 in 
DEBUG: ran clean --force -d . in 
DEBUG: ran git merge 7d129548adbb40b51763642302792021171c9e27 in 
Merged SHA 7d129548adbb40b51763642302792021171c9e27 with commit message 'chore: Promote bdd-nh-import-1571071347 to version 0.0.1' into base branch master

Showing logs for build [32mcloudcat-meow-environment-pr-32-j42qs-1[0m stage [32mfrom-build-pack[0m and container [32mstep-build-helm-build[0m
WARNING: No $CHART_REPOSITORY defined so using the default value of: http://jenkins-x-chartmuseum:8080
Adding missing Helm repo: storage.googleapis.com https://storage.googleapis.com/chartmuseum.jenkins-x.io
Read credentials for https://storage.googleapis.com/chartmuseum.jenkins-x.io from vault helm/repos
Successfully added Helm repository storage.googleapis.com.
Adding missing Helm repo: jenkins-x-chartmuseum http://jenkins-x-chartmuseum:8080
Read credentials for http://jenkins-x-chartmuseum:8080 from vault helm/repos
Successfully added Helm repository jenkins-x-chartmuseum.
WARNING: No $CHART_REPOSITORY defined so using the default value of: http://jenkins-x-chartmuseum:8080
Adding missing Helm repo: chartmuseum.jenkins-x.io http://chartmuseum.jenkins-x.io
Read credentials for http://chartmuseum.jenkins-x.io from vault helm/repos
Successfully added Helm repository chartmuseum.jenkins-x.io.
