
Showing logs for build [32mcloudcat-meow-environment-pr-32-j92j5-1[0m stage [32mfrom-build-pack[0m and container [32mstep-credential-initializer-2pm8r[0m
{"level":"warn","ts":1571072611.8771353,"logger":"fallback-logger","caller":"logging/config.go:69","msg":"Fetch GitHub commit ID from kodata failed: \"ref: refs/heads/master\" is not a valid GitHub commit ID"}
{"level":"info","ts":1571072611.8781872,"logger":"fallback-logger","caller":"creds-init/main.go:40","msg":"Credentials initialized."}

Showing logs for build [32mcloudcat-meow-environment-pr-32-j92j5-1[0m stage [32mfrom-build-pack[0m and container [32mstep-working-dir-initializer-dt7fz[0m
{"level":"warn","ts":1571072612.937375,"logger":"fallback-logger","caller":"logging/config.go:69","msg":"Fetch GitHub commit ID from kodata failed: open /var/run/ko/HEAD: no such file or directory"}
{"level":"info","ts":1571072612.940032,"logger":"fallback-logger","caller":"bash/main.go:65","msg":"Successfully executed command \"mkdir -p /workspace/source\""}

Showing logs for build [32mcloudcat-meow-environment-pr-32-j92j5-1[0m stage [32mfrom-build-pack[0m and container [32mstep-place-tools[0m

Showing logs for build [32mcloudcat-meow-environment-pr-32-j92j5-1[0m stage [32mfrom-build-pack[0m and container [32mstep-git-source-cloudcat-meow-environment-pr-32-8vlt8[0m
{"level":"warn","ts":1571072619.075727,"logger":"fallback-logger","caller":"logging/config.go:69","msg":"Fetch GitHub commit ID from kodata failed: \"ref: refs/heads/master\" is not a valid GitHub commit ID"}
{"level":"info","ts":1571072620.1528764,"logger":"fallback-logger","caller":"git/git.go:102","msg":"Successfully cloned https://github.com/cloudcat-meow/environment-pr-32-8-boot-gke-staging.git @ e564c6775e79c4827b701b6db6c2761e572e45a3 in path /workspace/source"}

Showing logs for build [32mcloudcat-meow-environment-pr-32-j92j5-1[0m stage [32mfrom-build-pack[0m and container [32mstep-git-merge[0m
Using SHAs from PULL_REFS=master:14edf2d094fd1d5a97104ee60e253e96b7f4393e,8:e564c6775e79c4827b701b6db6c2761e572e45a3
DEBUG: ran git fetch --unshallow origin e564c6775e79c4827b701b6db6c2761e572e45a3: 14edf2d094fd1d5a97104ee60e253e96b7f4393e: in 
DEBUG: ran git checkout master in 
DEBUG: ran git reset --hard 14edf2d094fd1d5a97104ee60e253e96b7f4393e in 
DEBUG: ran clean --force -d . in 
DEBUG: ran git merge e564c6775e79c4827b701b6db6c2761e572e45a3 in 
Merged SHA e564c6775e79c4827b701b6db6c2761e572e45a3 with commit message 'chore: Promote bdd-sbrp-import-1571071347 to version 0.0.1' into base branch master

Showing logs for build [32mcloudcat-meow-environment-pr-32-j92j5-1[0m stage [32mfrom-build-pack[0m and container [32mstep-build-helm-build[0m
WARNING: No $CHART_REPOSITORY defined so using the default value of: http://jenkins-x-chartmuseum:8080
Adding missing Helm repo: storage.googleapis.com https://storage.googleapis.com/chartmuseum.jenkins-x.io
Read credentials for https://storage.googleapis.com/chartmuseum.jenkins-x.io from vault helm/repos
Successfully added Helm repository storage.googleapis.com.
Adding missing Helm repo: jenkins-x-chartmuseum http://jenkins-x-chartmuseum:8080
Read credentials for http://jenkins-x-chartmuseum:8080 from vault helm/repos
Successfully added Helm repository jenkins-x-chartmuseum.
WARNING: No $CHART_REPOSITORY defined so using the default value of: http://jenkins-x-chartmuseum:8080
Adding missing Helm repo: chartmuseum.jenkins-x.io http://chartmuseum.jenkins-x.io
Read credentials for http://chartmuseum.jenkins-x.io from vault helm/repos
Successfully added Helm repository chartmuseum.jenkins-x.io.
